<?xml version="1.0" encoding="UTF-8"?>
<!-- Generated by org.testng.reporters.JUnitReportReporter -->
<testsuite skipped="0" hostname="ThankYouKrishna" name="TestNgTestSessions.TestNgTest.ExceptionTimeOutTest" tests="1" failures="0" timestamp="2020-04-09T14:11:23 BST" time="0.022" errors="0">
  <testcase name="divison" time="0.022" classname="TestNgTestSessions.TestNgTest.ExceptionTimeOutTest"/>
  <system-out/>
</testsuite> <!-- TestNgTestSessions.TestNgTest.ExceptionTimeOutTest -->
