<?xml version="1.0" encoding="UTF-8"?>
<!-- Generated by org.testng.reporters.JUnitReportReporter -->
<testsuite skipped="0" hostname="ThankYouKrishna" name="TestNgTestSessions.TestNgTest.InvocationCountTest" tests="5" failures="0" timestamp="2020-04-11T07:57:27 BST" time="0.032" errors="0">
  <testcase name="sum" time="0.018" classname="TestNgTestSessions.TestNgTest.InvocationCountTest"/>
  <system-out/>
  <testcase name="sum" time="0.004" classname="TestNgTestSessions.TestNgTest.InvocationCountTest"/>
  <system-out/>
  <testcase name="sum" time="0.003" classname="TestNgTestSessions.TestNgTest.InvocationCountTest"/>
  <system-out/>
  <testcase name="sum" time="0.004" classname="TestNgTestSessions.TestNgTest.InvocationCountTest"/>
  <system-out/>
  <testcase name="sum" time="0.003" classname="TestNgTestSessions.TestNgTest.InvocationCountTest"/>
  <system-out/>
</testsuite> <!-- TestNgTestSessions.TestNgTest.InvocationCountTest -->
