<?xml version="1.0" encoding="UTF-8"?>
<!-- Generated by org.testng.reporters.JUnitReportReporter -->
<testsuite skipped="0" hostname="ThankYouKrishna" name="TestNgTestSessions.TestNgTest.TestNgBasics" tests="1" failures="0" timestamp="2020-04-09T14:11:23 BST" time="5.253" errors="0">
  <testcase name="launch" time="5.253" classname="TestNgTestSessions.TestNgTest.TestNgBasics"/>
  <system-out/>
</testsuite> <!-- TestNgTestSessions.TestNgTest.TestNgBasics -->
