<?xml version="1.0" encoding="UTF-8"?>
<!-- Generated by org.testng.reporters.JUnitReportReporter -->
<testsuite skipped="0" hostname="ThankYouKrishna" name="TestNgTestSessions.TestNgTest.GoogleTitleTest" tests="2" failures="0" timestamp="2020-04-11T06:51:57 BST" time="22.876" errors="0">
  <testcase name="googleLogoTest" time="15.903" classname="TestNgTestSessions.TestNgTest.GoogleTitleTest"/>
  <system-out/>
  <testcase name="googleTitleTest" time="6.973" classname="TestNgTestSessions.TestNgTest.GoogleTitleTest"/>
  <system-out/>
</testsuite> <!-- TestNgTestSessions.TestNgTest.GoogleTitleTest -->
